#
# There is insufficient memory for the Java Runtime Environment to continue.
# Native memory allocation (malloc) failed to allocate 71696 bytes. Error detail: Chunk::new
# Possible reasons:
#   The system is out of physical RAM or swap space
#   This process is running with CompressedOops enabled, and the Java Heap may be blocking the growth of the native heap
# Possible solutions:
#   Reduce memory load on the system
#   Increase physical memory or swap space
#   Check if swap backing store is full
#   Decrease Java heap size (-Xmx/-Xms)
#   Decrease number of Java threads
#   Decrease Java thread stack sizes (-Xss)
#   Set larger code cache with -XX:ReservedCodeCacheSize=
#   JVM is running with Zero Based Compressed Oops mode in which the Java heap is
#     placed in the first 32GB address space. The Java Heap base address is the
#     maximum limit for the native heap growth. Please use -XX:HeapBaseMinAddress
#     to set the Java Heap base and to place the Java Heap above 32GB virtual address.
# This output file may be truncated or incomplete.
#
#  Out of Memory Error (arena.cpp:168), pid=31332, tid=30412
#
# JRE version: OpenJDK Runtime Environment (21.0.8) (build 21.0.8+-14196175-b1038.72)
# Java VM: OpenJDK 64-Bit Server VM (21.0.8+-14196175-b1038.72, mixed mode, tiered, compressed oops, compressed class ptrs, g1 gc, windows-amd64)
# No core dump will be written. Minidumps are not enabled by default on client versions of Windows
#

---------------  S U M M A R Y ------------

Command Line: --add-opens=java.base/java.lang=ALL-UNNAMED --add-opens=java.base/java.lang.invoke=ALL-UNNAMED --add-opens=java.base/java.util=ALL-UNNAMED --add-opens=java.prefs/java.util.prefs=ALL-UNNAMED --add-exports=jdk.compiler/com.sun.tools.javac.api=ALL-UNNAMED --add-exports=jdk.compiler/com.sun.tools.javac.util=ALL-UNNAMED --add-opens=java.base/java.util=ALL-UNNAMED --add-opens=java.prefs/java.util.prefs=ALL-UNNAMED --add-opens=java.base/java.nio.charset=ALL-UNNAMED --add-opens=java.base/java.net=ALL-UNNAMED --add-opens=java.base/java.util.concurrent.atomic=ALL-UNNAMED --add-opens=java.xml/javax.xml.namespace=ALL-UNNAMED -XX:MaxMetaspaceSize=512m -XX:+HeapDumpOnOutOfMemoryError -Xmx4096m -Dfile.encoding=UTF-8 -Duser.country=US -Duser.language=en -Duser.variant -javaagent:C:\Users\Lenovo\.gradle\wrapper\dists\gradle-8.13-bin\5xuhj0ry160q40clulazy9h7d\gradle-8.13\lib\agents\gradle-instrumentation-agent-8.13.jar org.gradle.launcher.daemon.bootstrap.GradleDaemon 8.13

Host: 13th Gen Intel(R) Core(TM) i7-13620H, 16 cores, 15G,  Windows 11 , 64 bit Build 26100 (10.0.26100.7623)
Time: Fri Jan 16 09:51:40 2026 SE Asia Standard Time elapsed time: 9.393126 seconds (0d 0h 0m 9s)

---------------  T H R E A D  ---------------

Current thread (0x0000017a19520150):  JavaThread "C2 CompilerThread0" daemon [_thread_in_native, id=30412, stack(0x00000078c4200000,0x00000078c4300000) (1024K)]


Current CompileTask:
C2:9393 3743       4       jdk.internal.loader.URLClassPath::getResource (74 bytes)

Stack: [0x00000078c4200000,0x00000078c4300000]
Native frames: (J=compiled Java code, j=interpreted, Vv=VM code, C=native code)
V  [jvm.dll+0x6d68d9]
V  [jvm.dll+0x866693]
V  [jvm.dll+0x868c4e]
V  [jvm.dll+0x869333]
V  [jvm.dll+0x280566]
V  [jvm.dll+0xc07cd]
V  [jvm.dll+0xc0d03]
V  [jvm.dll+0x5dfd85]
V  [jvm.dll+0x385536]
V  [jvm.dll+0x38497a]
V  [jvm.dll+0x249252]
V  [jvm.dll+0x248821]
V  [jvm.dll+0x1c73a4]
V  [jvm.dll+0x257f9e]
V  [jvm.dll+0x2564e6]
V  [jvm.dll+0x3f4696]
V  [jvm.dll+0x80eac8]
V  [jvm.dll+0x6d512d]
C  [ucrtbase.dll+0x37b0]
C  [KERNEL32.DLL+0x2e8d7]
C  [ntdll.dll+0x8c53c]


---------------  P R O C E S S  ---------------

Threads class SMR info:
_java_thread_list=0x0000017a21650ee0, length=32, elements={
0x0000017a7e912a50, 0x0000017a194e5640, 0x0000017a194fde20, 0x0000017a194fedc0,
0x0000017a19519c80, 0x0000017a1951a6e0, 0x0000017a1951bcb0, 0x0000017a1951f290,
0x0000017a19520150, 0x0000017a195239d0, 0x0000017a19635690, 0x0000017a1e062060,
0x0000017a1f929470, 0x0000017a1fab7030, 0x0000017a1fd06880, 0x0000017a1fb4f320,
0x0000017a1fb4ff30, 0x0000017a1fa50fb0, 0x0000017a1fa043c0, 0x0000017a1fa02980,
0x0000017a1fa04a50, 0x0000017a1fa050e0, 0x0000017a1fa05770, 0x0000017a1fa03010,
0x0000017a1fa05e00, 0x0000017a1fa03d30, 0x0000017a20459f70, 0x0000017a2045b9b0,
0x0000017a20459250, 0x0000017a20458bc0, 0x0000017a2045ac90, 0x0000017a1efb2f90
}

Java Threads: ( => current thread )
  0x0000017a7e912a50 JavaThread "main"                              [_thread_blocked, id=26724, stack(0x00000078c3300000,0x00000078c3400000) (1024K)]
  0x0000017a194e5640 JavaThread "Common-Cleaner"             daemon [_thread_blocked, id=21572, stack(0x00000078c3b00000,0x00000078c3c00000) (1024K)]
  0x0000017a194fde20 JavaThread "Reference Handler"          daemon [_thread_blocked, id=20600, stack(0x00000078c3c00000,0x00000078c3d00000) (1024K)]
  0x0000017a194fedc0 JavaThread "Finalizer"                  daemon [_thread_blocked, id=28928, stack(0x00000078c3d00000,0x00000078c3e00000) (1024K)]
  0x0000017a19519c80 JavaThread "Signal Dispatcher"          daemon [_thread_blocked, id=18516, stack(0x00000078c3e00000,0x00000078c3f00000) (1024K)]
  0x0000017a1951a6e0 JavaThread "Attach Listener"            daemon [_thread_blocked, id=18344, stack(0x00000078c3f00000,0x00000078c4000000) (1024K)]
  0x0000017a1951bcb0 JavaThread "Service Thread"             daemon [_thread_blocked, id=9740, stack(0x00000078c4000000,0x00000078c4100000) (1024K)]
  0x0000017a1951f290 JavaThread "Monitor Deflation Thread"   daemon [_thread_blocked, id=10656, stack(0x00000078c4100000,0x00000078c4200000) (1024K)]
=>0x0000017a19520150 JavaThread "C2 CompilerThread0"         daemon [_thread_in_native, id=30412, stack(0x00000078c4200000,0x00000078c4300000) (1024K)]
  0x0000017a195239d0 JavaThread "C1 CompilerThread0"         daemon [_thread_blocked, id=7676, stack(0x00000078c4300000,0x00000078c4400000) (1024K)]
  0x0000017a19635690 JavaThread "C1 CompilerThread1"         daemon [_thread_blocked, id=13284, stack(0x00000078c4400000,0x00000078c4500000) (1024K)]
  0x0000017a1e062060 JavaThread "Notification Thread"        daemon [_thread_blocked, id=22688, stack(0x00000078c4600000,0x00000078c4700000) (1024K)]
  0x0000017a1f929470 JavaThread "Daemon health stats"               [_thread_blocked, id=22276, stack(0x00000078c4d00000,0x00000078c4e00000) (1024K)]
  0x0000017a1fab7030 JavaThread "Incoming local TCP Connector on port 49094"        [_thread_in_native, id=6368, stack(0x00000078c4700000,0x00000078c4800000) (1024K)]
  0x0000017a1fd06880 JavaThread "Daemon periodic checks"            [_thread_blocked, id=20844, stack(0x00000078c4f00000,0x00000078c5000000) (1024K)]
  0x0000017a1fb4f320 JavaThread "Daemon"                            [_thread_blocked, id=14260, stack(0x00000078c5000000,0x00000078c5100000) (1024K)]
  0x0000017a1fb4ff30 JavaThread "Handler for socket connection from /127.0.0.1:49094 to /127.0.0.1:49095"        [_thread_in_native, id=1496, stack(0x00000078c5100000,0x00000078c5200000) (1024K)]
  0x0000017a1fa50fb0 JavaThread "Cancel handler"                    [_thread_blocked, id=19280, stack(0x00000078c5200000,0x00000078c5300000) (1024K)]
  0x0000017a1fa043c0 JavaThread "Daemon worker"                     [_thread_in_vm, id=19064, stack(0x00000078c5300000,0x00000078c5400000) (1024K)]
  0x0000017a1fa02980 JavaThread "Asynchronous log dispatcher for DefaultDaemonConnection: socket connection from /127.0.0.1:49094 to /127.0.0.1:49095"        [_thread_blocked, id=31784, stack(0x00000078c5400000,0x00000078c5500000) (1024K)]
  0x0000017a1fa04a50 JavaThread "Stdin handler"                     [_thread_blocked, id=4288, stack(0x00000078c5500000,0x00000078c5600000) (1024K)]
  0x0000017a1fa050e0 JavaThread "Daemon client event forwarder"        [_thread_blocked, id=29144, stack(0x00000078c5600000,0x00000078c5700000) (1024K)]
  0x0000017a1fa05770 JavaThread "Cache worker for journal cache (C:\Users\Lenovo\.gradle\caches\journal-1)"        [_thread_blocked, id=28148, stack(0x00000078c6000000,0x00000078c6100000) (1024K)]
  0x0000017a1fa03010 JavaThread "File lock request listener"        [_thread_in_native, id=14984, stack(0x00000078c6100000,0x00000078c6200000) (1024K)]
  0x0000017a1fa05e00 JavaThread "Cache worker for file hash cache (C:\Users\Lenovo\.gradle\caches\8.13\fileHashes)"        [_thread_blocked, id=33804, stack(0x00000078c6200000,0x00000078c6300000) (1024K)]
  0x0000017a1fa03d30 JavaThread "Cache worker for file hash cache (D:\ARRAY\Materi Kuliah\Semester 5\Pengembangan Aplikasi Mobile\Tugas Akhir\MountTrack\.gradle\8.13\fileHashes)"        [_thread_blocked, id=14188, stack(0x00000078c6600000,0x00000078c6700000) (1024K)]
  0x0000017a20459f70 JavaThread "Cache worker for Build Output Cleanup Cache (D:\ARRAY\Materi Kuliah\Semester 5\Pengembangan Aplikasi Mobile\Tugas Akhir\MountTrack\.gradle\buildOutputCleanup)"        [_thread_blocked, id=28644, stack(0x00000078c6700000,0x00000078c6800000) (1024K)]
  0x0000017a2045b9b0 JavaThread "File watcher server"        daemon [_thread_in_native, id=2192, stack(0x00000078c6800000,0x00000078c6900000) (1024K)]
  0x0000017a20459250 JavaThread "File watcher consumer"      daemon [_thread_blocked, id=28616, stack(0x00000078c6400000,0x00000078c6500000) (1024K)]
  0x0000017a20458bc0 JavaThread "jar transforms"                    [_thread_blocked, id=9808, stack(0x00000078c4500000,0x00000078c4600000) (1024K)]
  0x0000017a2045ac90 JavaThread "jar transforms Thread 2"           [_thread_blocked, id=15288, stack(0x00000078c4e00000,0x00000078c4f00000) (1024K)]
  0x0000017a1efb2f90 JavaThread "C2 CompilerThread1"         daemon [_thread_in_native, id=26936, stack(0x00000078c6300000,0x00000078c6400000) (1024K)]
Total: 32

Other Threads:
  0x0000017a18a86bf0 VMThread "VM Thread"                           [id=32424, stack(0x00000078c3a00000,0x00000078c3b00000) (1024K)]
  0x0000017a18a51100 WatcherThread "VM Periodic Task Thread"        [id=31032, stack(0x00000078c3900000,0x00000078c3a00000) (1024K)]
  0x0000017a7e979e00 WorkerThread "GC Thread#0"                     [id=31836, stack(0x00000078c3400000,0x00000078c3500000) (1024K)]
  0x0000017a1e065670 WorkerThread "GC Thread#1"                     [id=14360, stack(0x00000078c4800000,0x00000078c4900000) (1024K)]
  0x0000017a1e2b0ef0 WorkerThread "GC Thread#2"                     [id=27116, stack(0x00000078c4900000,0x00000078c4a00000) (1024K)]
  0x0000017a1e2b1290 WorkerThread "GC Thread#3"                     [id=7028, stack(0x00000078c4a00000,0x00000078c4b00000) (1024K)]
  0x0000017a1e2b0410 WorkerThread "GC Thread#4"                     [id=26216, stack(0x00000078c4b00000,0x00000078c4c00000) (1024K)]
  0x0000017a1e2b19d0 WorkerThread "GC Thread#5"                     [id=24272, stack(0x00000078c4c00000,0x00000078c4d00000) (1024K)]
  0x0000017a1e2b07b0 WorkerThread "GC Thread#6"                     [id=35472, stack(0x00000078c5700000,0x00000078c5800000) (1024K)]
  0x0000017a1fb95080 WorkerThread "GC Thread#7"                     [id=35120, stack(0x00000078c5800000,0x00000078c5900000) (1024K)]
  0x0000017a1fb92fe0 WorkerThread "GC Thread#8"                     [id=16456, stack(0x00000078c5900000,0x00000078c5a00000) (1024K)]
  0x0000017a1fb92c40 WorkerThread "GC Thread#9"                     [id=18204, stack(0x00000078c5a00000,0x00000078c5b00000) (1024K)]
  0x0000017a1fb93e60 WorkerThread "GC Thread#10"                    [id=20672, stack(0x00000078c5b00000,0x00000078c5c00000) (1024K)]
  0x0000017a1fb92500 WorkerThread "GC Thread#11"                    [id=7588, stack(0x00000078c5c00000,0x00000078c5d00000) (1024K)]
  0x0000017a1fb93380 WorkerThread "GC Thread#12"                    [id=19856, stack(0x00000078c5d00000,0x00000078c5e00000) (1024K)]
  0x0000017a7e98abf0 ConcurrentGCThread "G1 Main Marker"            [id=24724, stack(0x00000078c3500000,0x00000078c3600000) (1024K)]
  0x0000017a7e98c340 WorkerThread "G1 Conc#0"                       [id=26508, stack(0x00000078c3600000,0x00000078c3700000) (1024K)]
  0x0000017a1fb945a0 WorkerThread "G1 Conc#1"                       [id=28200, stack(0x00000078c5e00000,0x00000078c5f00000) (1024K)]
  0x0000017a1fb93ac0 WorkerThread "G1 Conc#2"                       [id=16600, stack(0x00000078c5f00000,0x00000078c6000000) (1024K)]
  0x0000017a7e9ce470 ConcurrentGCThread "G1 Refine#0"               [id=32548, stack(0x00000078c3700000,0x00000078c3800000) (1024K)]
  0x0000017a189274a0 ConcurrentGCThread "G1 Service"                [id=9708, stack(0x00000078c3800000,0x00000078c3900000) (1024K)]
Total: 21

Threads with active compile tasks:
C2 CompilerThread0  9472 3743       4       jdk.internal.loader.URLClassPath::getResource (74 bytes)
C2 CompilerThread1  9472 3764   !   4       java.net.URLClassLoader::findClass (47 bytes)
Total: 2

VM state: not at safepoint (normal execution)

VM Mutex/Monitor currently owned by a thread: None

Heap address: 0x0000000700000000, size: 4096 MB, Compressed Oops mode: Zero based, Oop shift amount: 3

CDS archive(s) not mapped
Compressed class space mapped at: 0x0000000800000000-0x000000081a000000, reserved size: 436207616
Narrow klass base: 0x0000000800000000, Narrow klass shift: 0, Narrow klass range: 0x1a000000

GC Precious Log:
 CardTable entry size: 512
 Card Set container configuration: InlinePtr #cards 4 size 8 Array Of Cards #cards 16 size 48 Howl #buckets 8 coarsen threshold 3686 Howl Bitmap #cards 512 size 80 coarsen threshold 460 Card regions per heap region 1 cards per card region 4096
 CPUs: 16 total, 16 available
 Memory: 16107M
 Large Page Support: Disabled
 NUMA Support: Disabled
 Compressed Oops: Enabled (Zero based)
 Heap Region Size: 2M
 Heap Min Capacity: 8M
 Heap Initial Capacity: 252M
 Heap Max Capacity: 4G
 Pre-touch: Disabled
 Parallel Workers: 13
 Concurrent Workers: 3
 Concurrent Refinement Workers: 13
 Periodic GC: Disabled

Heap:
 garbage-first heap   total 86016K, used 44387K [0x0000000700000000, 0x0000000800000000)
  region size 2048K, 12 young (24576K), 2 survivors (4096K)
 Metaspace       used 38033K, committed 38912K, reserved 491520K
  class space    used 5350K, committed 5760K, reserved 425984K

Heap Regions: E=young(eden), S=young(survivor), O=old, HS=humongous(starts), HC=humongous(continues), CS=collection set, F=free, TAMS=top-at-mark-start, PB=parsable bottom
|   0|0x0000000700000000, 0x0000000700200000, 0x0000000700200000|100%|HS|  |TAMS 0x0000000700000000| PB 0x0000000700000000| Complete 
|   1|0x0000000700200000, 0x0000000700400000, 0x0000000700400000|100%|HC|  |TAMS 0x0000000700200000| PB 0x0000000700200000| Complete 
|   2|0x0000000700400000, 0x0000000700600000, 0x0000000700600000|100%| O|  |TAMS 0x0000000700400000| PB 0x0000000700400000| Untracked 
|   3|0x0000000700600000, 0x0000000700800000, 0x0000000700800000|100%| O|  |TAMS 0x0000000700600000| PB 0x0000000700600000| Untracked 
|   4|0x0000000700800000, 0x0000000700a00000, 0x0000000700a00000|100%| O|  |TAMS 0x0000000700800000| PB 0x0000000700800000| Untracked 
|   5|0x0000000700a00000, 0x0000000700c00000, 0x0000000700c00000|100%| O|  |TAMS 0x0000000700a00000| PB 0x0000000700a00000| Untracked 
|   6|0x0000000700c00000, 0x0000000700e00000, 0x0000000700e00000|100%| O|  |TAMS 0x0000000700c00000| PB 0x0000000700c00000| Untracked 
|   7|0x0000000700e00000, 0x0000000701000000, 0x0000000701000000|100%| O|Cm|TAMS 0x0000000700e00000| PB 0x0000000700e00000| Complete 
|   8|0x0000000701000000, 0x00000007010616b0, 0x0000000701200000| 19%| O|  |TAMS 0x0000000701000000| PB 0x0000000701000000| Untracked 
|   9|0x0000000701200000, 0x0000000701200000, 0x0000000701400000|  0%| F|  |TAMS 0x0000000701200000| PB 0x0000000701200000| Untracked 
|  10|0x0000000701400000, 0x0000000701400000, 0x0000000701600000|  0%| F|  |TAMS 0x0000000701400000| PB 0x0000000701400000| Untracked 
|  11|0x0000000701600000, 0x0000000701600000, 0x0000000701800000|  0%| F|  |TAMS 0x0000000701600000| PB 0x0000000701600000| Untracked 
|  12|0x0000000701800000, 0x0000000701800000, 0x0000000701a00000|  0%| F|  |TAMS 0x0000000701800000| PB 0x0000000701800000| Untracked 
|  13|0x0000000701a00000, 0x0000000701a00000, 0x0000000701c00000|  0%| F|  |TAMS 0x0000000701a00000| PB 0x0000000701a00000| Untracked 
|  14|0x0000000701c00000, 0x0000000701c00000, 0x0000000701e00000|  0%| F|  |TAMS 0x0000000701c00000| PB 0x0000000701c00000| Untracked 
|  15|0x0000000701e00000, 0x0000000701e00000, 0x0000000702000000|  0%| F|  |TAMS 0x0000000701e00000| PB 0x0000000701e00000| Untracked 
|  16|0x0000000702000000, 0x0000000702000000, 0x0000000702200000|  0%| F|  |TAMS 0x0000000702000000| PB 0x0000000702000000| Untracked 
|  17|0x0000000702200000, 0x0000000702200000, 0x0000000702400000|  0%| F|  |TAMS 0x0000000702200000| PB 0x0000000702200000| Untracked 
|  18|0x0000000702400000, 0x0000000702400000, 0x0000000702600000|  0%| F|  |TAMS 0x0000000702400000| PB 0x0000000702400000| Untracked 
|  19|0x0000000702600000, 0x0000000702600000, 0x0000000702800000|  0%| F|  |TAMS 0x0000000702600000| PB 0x0000000702600000| Untracked 
|  20|0x0000000702800000, 0x0000000702800000, 0x0000000702a00000|  0%| F|  |TAMS 0x0000000702800000| PB 0x0000000702800000| Untracked 
|  21|0x0000000702a00000, 0x0000000702a00000, 0x0000000702c00000|  0%| F|  |TAMS 0x0000000702a00000| PB 0x0000000702a00000| Untracked 
|  22|0x0000000702c00000, 0x0000000702c00000, 0x0000000702e00000|  0%| F|  |TAMS 0x0000000702c00000| PB 0x0000000702c00000| Untracked 
|  23|0x0000000702e00000, 0x0000000702e00000, 0x0000000703000000|  0%| F|  |TAMS 0x0000000702e00000| PB 0x0000000702e00000| Untracked 
|  24|0x0000000703000000, 0x0000000703000000, 0x0000000703200000|  0%| F|  |TAMS 0x0000000703000000| PB 0x0000000703000000| Untracked 
|  25|0x0000000703200000, 0x0000000703200000, 0x0000000703400000|  0%| F|  |TAMS 0x0000000703200000| PB 0x0000000703200000| Untracked 
|  26|0x0000000703400000, 0x0000000703400000, 0x0000000703600000|  0%| F|  |TAMS 0x0000000703400000| PB 0x0000000703400000| Untracked 
|  27|0x0000000703600000, 0x00000007036561d0, 0x0000000703800000| 16%| E|  |TAMS 0x0000000703600000| PB 0x0000000703600000| Complete 
|  28|0x0000000703800000, 0x0000000703a00000, 0x0000000703a00000|100%| E|CS|TAMS 0x0000000703800000| PB 0x0000000703800000| Complete 
|  29|0x0000000703a00000, 0x0000000703c00000, 0x0000000703c00000|100%| E|CS|TAMS 0x0000000703a00000| PB 0x0000000703a00000| Complete 
|  30|0x0000000703c00000, 0x0000000703e00000, 0x0000000703e00000|100%| E|CS|TAMS 0x0000000703c00000| PB 0x0000000703c00000| Complete 
|  31|0x0000000703e00000, 0x0000000704000000, 0x0000000704000000|100%| E|CS|TAMS 0x0000000703e00000| PB 0x0000000703e00000| Complete 
|  85|0x000000070aa00000, 0x000000070ac00000, 0x000000070ac00000|100%| E|CS|TAMS 0x000000070aa00000| PB 0x000000070aa00000| Complete 
|  86|0x000000070ac00000, 0x000000070ae00000, 0x000000070ae00000|100%| E|CS|TAMS 0x000000070ac00000| PB 0x000000070ac00000| Complete 
|  87|0x000000070ae00000, 0x000000070aef7560, 0x000000070b000000| 48%| S|CS|TAMS 0x000000070ae00000| PB 0x000000070ae00000| Complete 
|  88|0x000000070b000000, 0x000000070b200000, 0x000000070b200000|100%| S|CS|TAMS 0x000000070b000000| PB 0x000000070b000000| Complete 
|  89|0x000000070b200000, 0x000000070b400000, 0x000000070b400000|100%| E|CS|TAMS 0x000000070b200000| PB 0x000000070b200000| Complete 
|  90|0x000000070b400000, 0x000000070b600000, 0x000000070b600000|100%| E|CS|TAMS 0x000000070b400000| PB 0x000000070b400000| Complete 
| 125|0x000000070fa00000, 0x000000070fc00000, 0x000000070fc00000|100%| E|CS|TAMS 0x000000070fa00000| PB 0x000000070fa00000| Complete 
|2045|0x00000007ffa00000, 0x00000007ffc00000, 0x00000007ffc00000|100%| O|  |TAMS 0x00000007ffa00000| PB 0x00000007ffa00000| Untracked 
|2046|0x00000007ffc00000, 0x00000007ffe00000, 0x00000007ffe00000|100%| O|  |TAMS 0x00000007ffc00000| PB 0x00000007ffc00000| Untracked 
|2047|0x00000007ffe00000, 0x0000000800000000, 0x0000000800000000|100%| O|  |TAMS 0x00000007ffe00000| PB 0x00000007ffe00000| Untracked 

Card table byte_map: [0x0000017a12090000,0x0000017a12890000] _byte_map_base: 0x0000017a0e890000

Marking Bits: (CMBitMap*) 0x0000017a7e97a310
 Bits: [0x0000017a12890000, 0x0000017a16890000)

Polling page: 0x0000017a7c6e0000

Metaspace:

Usage:
  Non-class:     31.92 MB used.
      Class:      5.22 MB used.
       Both:     37.14 MB used.

Virtual space:
  Non-class space:       64.00 MB reserved,      32.38 MB ( 51%) committed,  1 nodes.
      Class space:      416.00 MB reserved,       5.62 MB (  1%) committed,  1 nodes.
             Both:      480.00 MB reserved,      38.00 MB (  8%) committed. 

Chunk freelists:
   Non-Class:  15.55 MB
       Class:  10.31 MB
        Both:  25.86 MB

MaxMetaspaceSize: 512.00 MB
CompressedClassSpaceSize: 416.00 MB
Initial GC threshold: 21.00 MB
Current GC threshold: 58.69 MB
CDS: off
 - commit_granule_bytes: 65536.
 - commit_granule_words: 8192.
 - virtual_space_node_default_size: 8388608.
 - enlarge_chunks_in_place: 1.
 - use_allocation_guard: 0.


Internal statistics:

num_allocs_failed_limit: 6.
num_arena_births: 1506.
num_arena_deaths: 0.
num_vsnodes_births: 2.
num_vsnodes_deaths: 0.
num_space_committed: 608.
num_space_uncommitted: 0.
num_chunks_returned_to_freelist: 6.
num_chunks_taken_from_freelist: 2816.
num_chunk_merges: 6.
num_chunk_splits: 1779.
num_chunks_enlarged: 1086.
num_inconsistent_stats: 0.

CodeHeap 'non-profiled nmethods': size=119168Kb used=1853Kb max_used=2056Kb free=117314Kb
 bounds [0x0000017a0ac30000, 0x0000017a0aea0000, 0x0000017a12090000]
CodeHeap 'profiled nmethods': size=119104Kb used=6822Kb max_used=7297Kb free=112281Kb
 bounds [0x0000017a03090000, 0x0000017a037c0000, 0x0000017a0a4e0000]
CodeHeap 'non-nmethods': size=7488Kb used=2059Kb max_used=3230Kb free=5428Kb
 bounds [0x0000017a0a4e0000, 0x0000017a0a820000, 0x0000017a0ac30000]
CodeCache: size=245760Kb, used=10734Kb, max_used=12583Kb, free=235023Kb
 total_blobs=3926, nmethods=3340, adapters=489, full_count=0
Compilation: enabled, stopped_count=0, restarted_count=0

Compilation events (20 events):
Event: 9.329 Thread 0x0000017a19635690 3757       3       org.gradle.internal.instantiation.generator.AbstractClassGenerator$PropertyMetadata::findAnnotation (22 bytes)
Event: 9.330 Thread 0x0000017a19635690 nmethod 3757 0x0000017a03176490 code [0x0000017a03176780, 0x0000017a03177928]
Event: 9.330 Thread 0x0000017a195239d0 nmethod 3756 0x0000017a03125f90 code [0x0000017a031262a0, 0x0000017a03127508]
Event: 9.330 Thread 0x0000017a195239d0 3758       3       org.gradle.internal.instantiation.generator.AbstractClassGenerator$PropertyMetadata::backingFieldAnnotationOf (20 bytes)
Event: 9.330 Thread 0x0000017a19635690 3759       3       org.gradle.internal.instantiation.generator.AbstractClassGenerator$PropertyMetadata$$Lambda/0x00000008002d8da8::<init> (15 bytes)
Event: 9.331 Thread 0x0000017a19635690 nmethod 3759 0x0000017a034de610 code [0x0000017a034de7c0, 0x0000017a034de9f0]
Event: 9.331 Thread 0x0000017a19635690 3760       3       org.gradle.internal.instantiation.generator.AbstractClassGenerator$PropertyMetadata$$Lambda/0x00000008002d8da8::get (12 bytes)
Event: 9.331 Thread 0x0000017a195239d0 nmethod 3758 0x0000017a0326cf10 code [0x0000017a0326d160, 0x0000017a0326d8f8]
Event: 9.331 Thread 0x0000017a195239d0 3761       3       org.gradle.internal.instantiation.generator.AbstractClassGenerator$PropertyMetadata::lambda$findAnnotation$1 (6 bytes)
Event: 9.332 Thread 0x0000017a19635690 nmethod 3760 0x0000017a03297310 code [0x0000017a03297560, 0x0000017a03297e00]
Event: 9.332 Thread 0x0000017a195239d0 nmethod 3761 0x0000017a03577890 code [0x0000017a03577ae0, 0x0000017a03578308]
Event: 9.343 Thread 0x0000017a19635690 3763       3       java.lang.ClassLoader::getClassLoadingLock (35 bytes)
Event: 9.343 Thread 0x0000017a195239d0 3767   !   3       java.net.URL::<init> (543 bytes)
Event: 9.344 Thread 0x0000017a19635690 nmethod 3763 0x0000017a03186a90 code [0x0000017a03186c60, 0x0000017a03186f48]
Event: 9.344 Thread 0x0000017a1efb2f90 3739   !   4       jdk.internal.loader.URLClassPath$JarLoader::getResource (40 bytes)
Event: 9.349 Thread 0x0000017a195239d0 nmethod 3767 0x0000017a03193a90 code [0x0000017a031940a0, 0x0000017a031974c8]
Event: 9.351 Thread 0x0000017a1efb2f90 nmethod 3739 0x0000017a0ac60d10 code [0x0000017a0ac60f00, 0x0000017a0ac61278]
Event: 9.351 Thread 0x0000017a1efb2f90 3764   !   4       java.net.URLClassLoader::findClass (47 bytes)
Event: 9.365 Thread 0x0000017a195239d0 3768       3       jdk.internal.loader.URLClassPath$JarLoader$2::getInputStream (15 bytes)
Event: 9.366 Thread 0x0000017a195239d0 nmethod 3768 0x0000017a0326ca90 code [0x0000017a0326cc40, 0x0000017a0326ce28]

GC Heap History (12 events):
Event: 0.641 GC heap before
{Heap before GC invocations=0 (full 0):
 garbage-first heap   total 258048K, used 22528K [0x0000000700000000, 0x0000000800000000)
  region size 2048K, 11 young (22528K), 0 survivors (0K)
 Metaspace       used 7577K, committed 7744K, reserved 491520K
  class space    used 701K, committed 768K, reserved 425984K
}
Event: 0.644 GC heap after
{Heap after GC invocations=1 (full 0):
 garbage-first heap   total 258048K, used 1525K [0x0000000700000000, 0x0000000800000000)
  region size 2048K, 1 young (2048K), 1 survivors (2048K)
 Metaspace       used 7577K, committed 7744K, reserved 491520K
  class space    used 701K, committed 768K, reserved 425984K
}
Event: 1.605 GC heap before
{Heap before GC invocations=1 (full 0):
 garbage-first heap   total 258048K, used 52725K [0x0000000700000000, 0x0000000800000000)
  region size 2048K, 24 young (49152K), 1 survivors (2048K)
 Metaspace       used 12423K, committed 12672K, reserved 491520K
  class space    used 1349K, committed 1472K, reserved 425984K
}
Event: 1.614 GC heap after
{Heap after GC invocations=2 (full 0):
 garbage-first heap   total 258048K, used 11961K [0x0000000700000000, 0x0000000800000000)
  region size 2048K, 3 young (6144K), 3 survivors (6144K)
 Metaspace       used 12423K, committed 12672K, reserved 491520K
  class space    used 1349K, committed 1472K, reserved 425984K
}
Event: 3.298 GC heap before
{Heap before GC invocations=2 (full 0):
 garbage-first heap   total 258048K, used 73401K [0x0000000700000000, 0x0000000800000000)
  region size 2048K, 35 young (71680K), 3 survivors (6144K)
 Metaspace       used 21197K, committed 21504K, reserved 491520K
  class space    used 2517K, committed 2624K, reserved 425984K
}
Event: 3.310 GC heap after
{Heap after GC invocations=3 (full 0):
 garbage-first heap   total 258048K, used 19893K [0x0000000700000000, 0x0000000800000000)
  region size 2048K, 6 young (12288K), 6 survivors (12288K)
 Metaspace       used 21197K, committed 21504K, reserved 491520K
  class space    used 2517K, committed 2624K, reserved 425984K
}
Event: 4.501 GC heap before
{Heap before GC invocations=4 (full 0):
 garbage-first heap   total 69632K, used 69045K [0x0000000700000000, 0x0000000800000000)
  region size 2048K, 30 young (61440K), 6 survivors (12288K)
 Metaspace       used 28965K, committed 29504K, reserved 491520K
  class space    used 3785K, committed 4032K, reserved 425984K
}
Event: 4.508 GC heap after
{Heap after GC invocations=5 (full 0):
 garbage-first heap   total 86016K, used 23071K [0x0000000700000000, 0x0000000800000000)
  region size 2048K, 5 young (10240K), 5 survivors (10240K)
 Metaspace       used 28965K, committed 29504K, reserved 491520K
  class space    used 3785K, committed 4032K, reserved 425984K
}
Event: 5.426 GC heap before
{Heap before GC invocations=5 (full 0):
 garbage-first heap   total 86016K, used 61983K [0x0000000700000000, 0x0000000800000000)
  region size 2048K, 25 young (51200K), 5 survivors (10240K)
 Metaspace       used 34185K, committed 34944K, reserved 491520K
  class space    used 4709K, committed 5056K, reserved 425984K
}
Event: 5.432 GC heap after
{Heap after GC invocations=6 (full 0):
 garbage-first heap   total 86016K, used 25960K [0x0000000700000000, 0x0000000800000000)
  region size 2048K, 3 young (6144K), 3 survivors (6144K)
 Metaspace       used 34185K, committed 34944K, reserved 491520K
  class space    used 4709K, committed 5056K, reserved 425984K
}
Event: 5.819 GC heap before
{Heap before GC invocations=6 (full 0):
 garbage-first heap   total 86016K, used 30056K [0x0000000700000000, 0x0000000800000000)
  region size 2048K, 6 young (12288K), 3 survivors (6144K)
 Metaspace       used 35206K, committed 35968K, reserved 491520K
  class space    used 4866K, committed 5248K, reserved 425984K
}
Event: 5.830 GC heap after
{Heap after GC invocations=7 (full 0):
 garbage-first heap   total 86016K, used 25955K [0x0000000700000000, 0x0000000800000000)
  region size 2048K, 2 young (4096K), 2 survivors (4096K)
 Metaspace       used 35206K, committed 35968K, reserved 491520K
  class space    used 4866K, committed 5248K, reserved 425984K
}

Dll operation events (3 events):
Event: 0.019 Loaded shared library C:\Program Files\Android\Android Studio\jbr\bin\java.dll
Event: 0.027 Loaded shared library C:\Program Files\Android\Android Studio\jbr\bin\zip.dll
Event: 0.859 Loaded shared library C:\Program Files\Android\Android Studio\jbr\bin\verify.dll

Deoptimization events (20 events):
Event: 9.280 Thread 0x0000017a1fa043c0 Uncommon trap: trap_request=0xffffffde fr.pc=0x0000017a0ac9e2e0 relative=0x0000000000001100
Event: 9.280 Thread 0x0000017a1fa043c0 Uncommon trap: reason=class_check action=maybe_recompile pc=0x0000017a0ac9e2e0 method=jdk.internal.loader.URLClassPath.getLoader(I)Ljdk/internal/loader/URLClassPath$Loader; @ 88 c2
Event: 9.280 Thread 0x0000017a1fa043c0 DEOPT PACKING pc=0x0000017a0ac9e2e0 sp=0x00000078c53fa950
Event: 9.280 Thread 0x0000017a1fa043c0 DEOPT UNPACKING pc=0x0000017a0a5346a2 sp=0x00000078c53fa940 mode 2
Event: 9.280 Thread 0x0000017a1fa043c0 Uncommon trap: trap_request=0xffffffde fr.pc=0x0000017a0adbcfcc relative=0x000000000000446c
Event: 9.280 Thread 0x0000017a1fa043c0 Uncommon trap: reason=class_check action=maybe_recompile pc=0x0000017a0adbcfcc method=jdk.internal.loader.URLClassPath.getResource(Ljava/lang/String;Z)Ljdk/internal/loader/Resource; @ 53 c2
Event: 9.280 Thread 0x0000017a1fa043c0 DEOPT PACKING pc=0x0000017a0adbcfcc sp=0x00000078c53faa10
Event: 9.280 Thread 0x0000017a1fa043c0 DEOPT UNPACKING pc=0x0000017a0a5346a2 sp=0x00000078c53fa840 mode 2
Event: 9.290 Thread 0x0000017a1fa043c0 Uncommon trap: trap_request=0xffffff45 fr.pc=0x0000017a0ad85d08 relative=0x0000000000004c68
Event: 9.290 Thread 0x0000017a1fa043c0 Uncommon trap: reason=unstable_if action=reinterpret pc=0x0000017a0ad85d08 method=java.lang.ClassLoader.getClassLoadingLock(Ljava/lang/String;)Ljava/lang/Object; @ 6 c2
Event: 9.290 Thread 0x0000017a1fa043c0 DEOPT PACKING pc=0x0000017a0ad85d08 sp=0x00000078c53f8e90
Event: 9.290 Thread 0x0000017a1fa043c0 DEOPT UNPACKING pc=0x0000017a0a5346a2 sp=0x00000078c53f8e70 mode 2
Event: 9.292 Thread 0x0000017a1fa043c0 Uncommon trap: trap_request=0xffffff45 fr.pc=0x0000017a0ad50e18 relative=0x00000000000000f8
Event: 9.292 Thread 0x0000017a1fa043c0 Uncommon trap: reason=unstable_if action=reinterpret pc=0x0000017a0ad50e18 method=java.lang.ClassLoader.getClassLoadingLock(Ljava/lang/String;)Ljava/lang/Object; @ 6 c2
Event: 9.292 Thread 0x0000017a1fa043c0 DEOPT PACKING pc=0x0000017a0ad50e18 sp=0x00000078c53f9120
Event: 9.292 Thread 0x0000017a1fa043c0 DEOPT UNPACKING pc=0x0000017a0a5346a2 sp=0x00000078c53f90b0 mode 2
Event: 9.292 Thread 0x0000017a1fa043c0 Uncommon trap: trap_request=0xffffff45 fr.pc=0x0000017a0ad96900 relative=0x00000000000008e0
Event: 9.292 Thread 0x0000017a1fa043c0 Uncommon trap: reason=unstable_if action=reinterpret pc=0x0000017a0ad96900 method=java.lang.Class.getPackageName()Ljava/lang/String; @ 55 c2
Event: 9.292 Thread 0x0000017a1fa043c0 DEOPT PACKING pc=0x0000017a0ad96900 sp=0x00000078c53fa600
Event: 9.292 Thread 0x0000017a1fa043c0 DEOPT UNPACKING pc=0x0000017a0a5346a2 sp=0x00000078c53fa5c0 mode 2

Classes loaded (20 events):
Event: 6.825 Loading class java/util/stream/IntPipeline done
Event: 6.825 Loading class java/util/stream/IntPipeline$Head done
Event: 6.830 Loading class java/util/function/IntConsumer
Event: 6.831 Loading class java/util/function/IntConsumer done
Event: 9.274 Loading class jdk/internal/loader/URLClassPath$FileLoader
Event: 9.275 Loading class jdk/internal/loader/URLClassPath$FileLoader done
Event: 9.284 Loading class jdk/internal/loader/URLClassPath$FileLoader$1
Event: 9.284 Loading class jdk/internal/loader/URLClassPath$FileLoader$1 done
Event: 9.318 Loading class java/beans/Transient
Event: 9.321 Loading class java/beans/Transient done
Event: 9.334 Loading class java/util/stream/IntPipeline$1
Event: 9.335 Loading class java/util/stream/IntPipeline$1 done
Event: 9.336 Loading class java/util/stream/IntPipeline$1$1
Event: 9.336 Loading class java/util/stream/Sink$ChainedInt
Event: 9.336 Loading class java/util/stream/Sink$OfInt
Event: 9.336 Loading class java/util/stream/Sink$OfInt done
Event: 9.337 Loading class java/util/stream/Sink$ChainedInt done
Event: 9.337 Loading class java/util/stream/IntPipeline$1$1 done
Event: 9.356 Loading class java/lang/IllegalAccessError
Event: 9.356 Loading class java/lang/IllegalAccessError done

Classes unloaded (0 events):
No events

Classes redefined (0 events):
No events

Internal exceptions (20 events):
Event: 5.273 Thread 0x0000017a1fa043c0 Exception <a 'java/lang/NoSuchMethodError'{0x0000000702387d10}: 'java.lang.Object java.lang.invoke.DirectMethodHandle$Holder.newInvokeSpecial(java.lang.Object, java.lang.Object, java.lang.Object, java.lang.Object, java.lang.Object, java.lang.Object, java.lang.Object, java.lang.Object)'> (0x0000000702387d10) 
thrown [s\src\hotspot\share\interpreter\linkResolver.cpp, line 784]
Event: 5.278 Thread 0x0000017a1fa043c0 Exception <a 'java/lang/NoSuchMethodError'{0x00000007023cea00}: 'void java.lang.invoke.DirectMethodHandle$Holder.invokeStatic(java.lang.Object, java.lang.Object, java.lang.Object, java.lang.Object)'> (0x00000007023cea00) 
thrown [s\src\hotspot\share\interpreter\linkResolver.cpp, line 784]
Event: 5.288 Thread 0x0000017a1fa043c0 Exception <a 'java/lang/NoSuchMethodError'{0x000000070205aa60}: 'java.lang.Object java.lang.invoke.DirectMethodHandle$Holder.invokeVirtual(java.lang.Object, java.lang.Object, java.lang.Object, java.lang.Object, java.lang.Object, java.lang.Object, java.lang.Object, java.lang.Object, java.lang.Object, java.lang.Object, java.lang.Object, java.lang.Object, java.lang.Object)'> (0x000000070205aa60) 
thrown [s\src\hotspot\share\interpreter\linkResolver.cpp, line 784]
Event: 5.288 Thread 0x0000017a1fa043c0 Exception <a 'java/lang/NoSuchMethodError'{0x000000070205fc98}: 'java.lang.Object java.lang.invoke.DirectMethodHandle$Holder.invokeSpecial(java.lang.Object, java.lang.Object, java.lang.Object, java.lang.Object, java.lang.Object, java.lang.Object, java.lang.Object, java.lang.Object, java.lang.Object, java.lang.Object, java.lang.Object, java.lang.Object, java.lang.Object, java.lang.Object)'> (0x000000070205fc98) 
thrown [s\src\hotspot\share\interpreter\linkResolver.cpp, line 784]
Event: 5.288 Thread 0x0000017a1fa043c0 Exception <a 'java/lang/NoSuchMethodError'{0x00000007020649e8}: 'java.lang.Object java.lang.invoke.DelegatingMethodHandle$Holder.reinvoke_L(java.lang.Object, java.lang.Object, java.lang.Object, java.lang.Object, java.lang.Object, java.lang.Object, java.lang.Object, java.lang.Object, java.lang.Object, java.lang.Object, java.lang.Object, java.lang.Object, java.lang.Object)'> (0x00000007020649e8) 
thrown [s\src\hotspot\share\interpreter\linkResolver.cpp, line 784]
Event: 5.420 Thread 0x0000017a1fa043c0 Exception <a 'java/lang/NoSuchMethodError'{0x0000000701db2110}: 'java.lang.Object java.lang.invoke.DirectMethodHandle$Holder.newInvokeSpecial(java.lang.Object, java.lang.Object, java.lang.Object, java.lang.Object, java.lang.Object, java.lang.Object, java.lang.Object, java.lang.Object, java.lang.Object)'> (0x0000000701db2110) 
thrown [s\src\hotspot\share\interpreter\linkResolver.cpp, line 784]
Event: 5.433 Thread 0x0000017a194e5640 Implicit null exception at 0x0000017a0ad9edc8 to 0x0000017a0ad9f1d4
Event: 5.810 Thread 0x0000017a1fa043c0 Exception <a 'java/lang/NoSuchMethodError'{0x000000070b3b5b60}: 'void java.lang.invoke.DirectMethodHandle$Holder.invokeInterface(java.lang.Object, java.lang.Object, java.lang.Object, java.lang.Object, java.lang.Object)'> (0x000000070b3b5b60) 
thrown [s\src\hotspot\share\interpreter\linkResolver.cpp, line 784]
Event: 5.854 Thread 0x0000017a1fa043c0 Exception <a 'java/lang/NoSuchMethodError'{0x000000070fa195d8}: 'void java.lang.invoke.DirectMethodHandle$Holder.invokeStatic(java.lang.Object, java.lang.Object, java.lang.Object, java.lang.Object, java.lang.Object, java.lang.Object)'> (0x000000070fa195d8) 
thrown [s\src\hotspot\share\interpreter\linkResolver.cpp, line 784]
Event: 6.567 Thread 0x0000017a1fa043c0 Exception <a 'java/lang/IncompatibleClassChangeError'{0x000000070aa4f9c0}: Found class java.lang.Object, but interface was expected> (0x000000070aa4f9c0) 
thrown [s\src\hotspot\share\interpreter\linkResolver.cpp, line 851]
Event: 6.608 Thread 0x0000017a1fa043c0 Exception <a 'java/lang/NoSuchMethodError'{0x000000070ab471b0}: 'java.lang.Object java.lang.invoke.DirectMethodHandle$Holder.newInvokeSpecial(java.lang.Object, java.lang.Object, long)'> (0x000000070ab471b0) 
thrown [s\src\hotspot\share\interpreter\linkResolver.cpp, line 784]
Event: 6.609 Thread 0x0000017a1fa043c0 Exception <a 'java/lang/NoSuchMethodError'{0x000000070ab4b598}: 'java.lang.Object java.lang.invoke.Invokers$Holder.linkToTargetMethod(java.lang.Object, long, java.lang.Object)'> (0x000000070ab4b598) 
thrown [s\src\hotspot\share\interpreter\linkResolver.cpp, line 784]
Event: 6.750 Thread 0x0000017a1fa043c0 Exception <a 'java/lang/NoSuchMethodError'{0x0000000703fa2228}: 'int java.lang.invoke.DirectMethodHandle$Holder.invokeInterface(java.lang.Object, java.lang.Object)'> (0x0000000703fa2228) 
thrown [s\src\hotspot\share\interpreter\linkResolver.cpp, line 784]
Event: 6.816 Thread 0x0000017a1fa043c0 Exception <a 'java/lang/NoSuchMethodError'{0x0000000703c2bfc8}: 'java.lang.Object java.lang.invoke.DirectMethodHandle$Holder.invokeVirtual(java.lang.Object, java.lang.Object, int)'> (0x0000000703c2bfc8) 
thrown [s\src\hotspot\share\interpreter\linkResolver.cpp, line 784]
Event: 6.831 Thread 0x0000017a1fa043c0 Exception <a 'java/lang/NoSuchMethodError'{0x0000000703c5e948}: 'void java.lang.invoke.DirectMethodHandle$Holder.invokeStatic(java.lang.Object, java.lang.Object, java.lang.Object, int)'> (0x0000000703c5e948) 
thrown [s\src\hotspot\share\interpreter\linkResolver.cpp, line 784]
Event: 9.100 Thread 0x0000017a1fa043c0 Exception <a 'java/lang/NoSuchMethodError'{0x0000000703d30ab8}: 'java.lang.Object java.lang.invoke.DirectMethodHandle$Holder.invokeStatic(java.lang.Object, java.lang.Object, int, java.lang.Object)'> (0x0000000703d30ab8) 
thrown [s\src\hotspot\share\interpreter\linkResolver.cpp, line 784]
Event: 9.101 Thread 0x0000017a1fa043c0 Exception <a 'java/lang/NoSuchMethodError'{0x0000000703d37f10}: 'java.lang.Object java.lang.invoke.DirectMethodHandle$Holder.newInvokeSpecial(java.lang.Object, java.lang.Object, int, java.lang.Object)'> (0x0000000703d37f10) 
thrown [s\src\hotspot\share\interpreter\linkResolver.cpp, line 784]
Event: 9.101 Thread 0x0000017a1fa043c0 Exception <a 'java/lang/NoSuchMethodError'{0x0000000703d3c9a8}: 'java.lang.Object java.lang.invoke.DirectMethodHandle$Holder.invokeSpecial(java.lang.Object, java.lang.Object, java.lang.Object, int, java.lang.Object)'> (0x0000000703d3c9a8) 
thrown [s\src\hotspot\share\interpreter\linkResolver.cpp, line 784]
Event: 9.271 Thread 0x0000017a1fa043c0 Exception <a 'java/lang/NoSuchMethodError'{0x0000000703bfc1f8}: 'void java.lang.invoke.DirectMethodHandle$Holder.invokeInterface(java.lang.Object, java.lang.Object, java.lang.Object, java.lang.Object, java.lang.Object, java.lang.Object, java.lang.Object)'> (0x0000000703bfc1f8) 
thrown [s\src\hotspot\share\interpreter\linkResolver.cpp, line 784]
Event: 9.272 Thread 0x0000017a1fa043c0 Exception <a 'java/lang/NoSuchMethodError'{0x000000070384d0d8}: 'void java.lang.invoke.DelegatingMethodHandle$Holder.reinvoke_L(java.lang.Object, java.lang.Object, java.lang.Object, java.lang.Object, java.lang.Object, java.lang.Object, java.lang.Object)'> (0x000000070384d0d8) 
thrown [s\src\hotspot\share\interpreter\linkResolver.cpp, line 784]

ZGC Phase Switch (0 events):
No events

VM Operations (20 events):
Event: 5.819 Executing VM operation: CollectForMetadataAllocation (Metadata GC Threshold)
Event: 5.830 Executing VM operation: CollectForMetadataAllocation (Metadata GC Threshold) done
Event: 5.858 Executing VM operation: G1PauseRemark
Event: 5.866 Executing VM operation: G1PauseRemark done
Event: 5.877 Executing VM operation: G1PauseCleanup
Event: 5.877 Executing VM operation: G1PauseCleanup done
Event: 6.561 Executing VM operation: HandshakeAllThreads (Deoptimize)
Event: 6.561 Executing VM operation: HandshakeAllThreads (Deoptimize) done
Event: 6.574 Executing VM operation: HandshakeAllThreads (Deoptimize)
Event: 6.574 Executing VM operation: HandshakeAllThreads (Deoptimize) done
Event: 6.627 Executing VM operation: HandshakeAllThreads (Deoptimize)
Event: 6.628 Executing VM operation: HandshakeAllThreads (Deoptimize) done
Event: 7.637 Executing VM operation: Cleanup
Event: 7.637 Executing VM operation: Cleanup done
Event: 8.643 Executing VM operation: Cleanup
Event: 8.643 Executing VM operation: Cleanup done
Event: 9.285 Executing VM operation: HandshakeAllThreads (Deoptimize)
Event: 9.285 Executing VM operation: HandshakeAllThreads (Deoptimize) done
Event: 9.286 Executing VM operation: HandshakeAllThreads (Deoptimize)
Event: 9.286 Executing VM operation: HandshakeAllThreads (Deoptimize) done

Memory protections (0 events):
No events

Nmethod flushes (20 events):
Event: 5.864 Thread 0x0000017a18a86bf0 flushing  nmethod 0x0000017a03150f90
Event: 5.864 Thread 0x0000017a18a86bf0 flushing  nmethod 0x0000017a03191c90
Event: 5.864 Thread 0x0000017a18a86bf0 flushing  nmethod 0x0000017a03193790
Event: 5.864 Thread 0x0000017a18a86bf0 flushing  nmethod 0x0000017a03193f90
Event: 5.864 Thread 0x0000017a18a86bf0 flushing  nmethod 0x0000017a03194790
Event: 5.864 Thread 0x0000017a18a86bf0 flushing  nmethod 0x0000017a03200210
Event: 5.864 Thread 0x0000017a18a86bf0 flushing  nmethod 0x0000017a03200710
Event: 5.864 Thread 0x0000017a18a86bf0 flushing  nmethod 0x0000017a03206490
Event: 5.864 Thread 0x0000017a18a86bf0 flushing  nmethod 0x0000017a03206e90
Event: 5.864 Thread 0x0000017a18a86bf0 flushing  nmethod 0x0000017a0321c990
Event: 5.864 Thread 0x0000017a18a86bf0 flushing  nmethod 0x0000017a03220b90
Event: 5.864 Thread 0x0000017a18a86bf0 flushing  nmethod 0x0000017a03222110
Event: 5.864 Thread 0x0000017a18a86bf0 flushing  nmethod 0x0000017a0326ca90
Event: 5.864 Thread 0x0000017a18a86bf0 flushing  nmethod 0x0000017a0326d690
Event: 5.864 Thread 0x0000017a18a86bf0 flushing  nmethod 0x0000017a03329a10
Event: 5.864 Thread 0x0000017a18a86bf0 flushing  nmethod 0x0000017a033d7990
Event: 5.864 Thread 0x0000017a18a86bf0 flushing  nmethod 0x0000017a0340e410
Event: 5.864 Thread 0x0000017a18a86bf0 flushing  nmethod 0x0000017a0347b110
Event: 5.864 Thread 0x0000017a18a86bf0 flushing  nmethod 0x0000017a034cd710
Event: 5.864 Thread 0x0000017a18a86bf0 flushing  nmethod 0x0000017a0355f210

Events (20 events):
Event: 3.240 Thread 0x0000017a1fa043c0 Thread added: 0x0000017a1fa04a50
Event: 3.242 Thread 0x0000017a1fa043c0 Thread added: 0x0000017a1fa050e0
Event: 3.895 Thread 0x0000017a1fa043c0 Thread added: 0x0000017a1fa05770
Event: 3.909 Thread 0x0000017a1fa043c0 Thread added: 0x0000017a1fa03010
Event: 3.946 Thread 0x0000017a1fa043c0 Thread added: 0x0000017a1fa05e00
Event: 4.285 Thread 0x0000017a195239d0 Thread added: 0x0000017a20ce80c0
Event: 4.547 Thread 0x0000017a1edd5bb0 Thread added: 0x0000017a2005ea00
Event: 5.094 Thread 0x0000017a1970d300 Thread added: 0x0000017a21401d70
Event: 5.210 Thread 0x0000017a1fa043c0 Thread added: 0x0000017a1fa03d30
Event: 5.228 Thread 0x0000017a1fa043c0 Thread added: 0x0000017a20459f70
Event: 5.658 Thread 0x0000017a1fa043c0 Thread added: 0x0000017a2045b9b0
Event: 5.671 Thread 0x0000017a21401d70 Thread exited: 0x0000017a21401d70
Event: 5.671 Thread 0x0000017a2005ea00 Thread exited: 0x0000017a2005ea00
Event: 5.673 Thread 0x0000017a1fa043c0 Thread added: 0x0000017a20459250
Event: 5.676 Thread 0x0000017a20ce80c0 Thread exited: 0x0000017a20ce80c0
Event: 8.117 Thread 0x0000017a1edd5bb0 Thread exited: 0x0000017a1edd5bb0
Event: 9.097 Thread 0x0000017a1970d300 Thread exited: 0x0000017a1970d300
Event: 9.102 Thread 0x0000017a1fa043c0 Thread added: 0x0000017a20458bc0
Event: 9.243 Thread 0x0000017a1fa043c0 Thread added: 0x0000017a2045ac90
Event: 9.344 Thread 0x0000017a19635690 Thread added: 0x0000017a1efb2f90


Dynamic libraries:
0x00007ff775450000 - 0x00007ff77545a000 	C:\Program Files\Android\Android Studio\jbr\bin\java.exe
0x00007ffabca40000 - 0x00007ffabcca7000 	C:\WINDOWS\SYSTEM32\ntdll.dll
0x00007ffabadd0000 - 0x00007ffabae99000 	C:\WINDOWS\System32\KERNEL32.DLL
0x00007ffab9f70000 - 0x00007ffaba35f000 	C:\WINDOWS\System32\KERNELBASE.dll
0x00007ffaba4b0000 - 0x00007ffaba5fb000 	C:\WINDOWS\System32\ucrtbase.dll
0x00007ffa4cc80000 - 0x00007ffa4cc98000 	C:\Program Files\Android\Android Studio\jbr\bin\jli.dll
0x00007ffabaa80000 - 0x00007ffabac45000 	C:\WINDOWS\System32\USER32.dll
0x00007ffaa91c0000 - 0x00007ffaa91db000 	C:\Program Files\Android\Android Studio\jbr\bin\VCRUNTIME140.dll
0x00007ffab9f40000 - 0x00007ffab9f67000 	C:\WINDOWS\System32\win32u.dll
0x00007ffaba8e0000 - 0x00007ffaba90b000 	C:\WINDOWS\System32\GDI32.dll
0x00007ffaa2020000 - 0x00007ffaa22b3000 	C:\WINDOWS\WinSxS\amd64_microsoft.windows.common-controls_6595b64144ccf1df_6.0.26100.7309_none_3e05feeae336a044\COMCTL32.dll
0x00007ffaba600000 - 0x00007ffaba72c000 	C:\WINDOWS\System32\gdi32full.dll
0x00007ffabafa0000 - 0x00007ffabb049000 	C:\WINDOWS\System32\msvcrt.dll
0x00007ffaba400000 - 0x00007ffaba4a3000 	C:\WINDOWS\System32\msvcp_win.dll
0x00007ffaba8a0000 - 0x00007ffaba8d1000 	C:\WINDOWS\System32\IMM32.DLL
0x00007ffab6400000 - 0x00007ffab640c000 	C:\Program Files\Android\Android Studio\jbr\bin\vcruntime140_1.dll
0x00007ffa17830000 - 0x00007ffa178bd000 	C:\Program Files\Android\Android Studio\jbr\bin\msvcp140.dll
0x00007ff9f4a60000 - 0x00007ff9f56f6000 	C:\Program Files\Android\Android Studio\jbr\bin\server\jvm.dll
0x00007ffaba7e0000 - 0x00007ffaba894000 	C:\WINDOWS\System32\ADVAPI32.dll
0x00007ffabc930000 - 0x00007ffabc9d6000 	C:\WINDOWS\System32\sechost.dll
0x00007ffabb9e0000 - 0x00007ffabbaf8000 	C:\WINDOWS\System32\RPCRT4.dll
0x00007ffabbbe0000 - 0x00007ffabbc54000 	C:\WINDOWS\System32\WS2_32.dll
0x00007ffab9a10000 - 0x00007ffab9a6e000 	C:\WINDOWS\SYSTEM32\POWRPROF.dll
0x00007ffaafac0000 - 0x00007ffaafaf5000 	C:\WINDOWS\SYSTEM32\WINMM.dll
0x00007ffaa6880000 - 0x00007ffaa688b000 	C:\WINDOWS\SYSTEM32\VERSION.dll
0x00007ffab99f0000 - 0x00007ffab9a04000 	C:\WINDOWS\SYSTEM32\UMPDC.dll
0x00007ffab8910000 - 0x00007ffab892b000 	C:\WINDOWS\SYSTEM32\kernel.appcore.dll
0x00007ffab4790000 - 0x00007ffab479a000 	C:\Program Files\Android\Android Studio\jbr\bin\jimage.dll
0x00007ffab6be0000 - 0x00007ffab6e22000 	C:\WINDOWS\SYSTEM32\DBGHELP.DLL
0x00007ffabbe40000 - 0x00007ffabc1c6000 	C:\WINDOWS\System32\combase.dll
0x00007ffabb180000 - 0x00007ffabb256000 	C:\WINDOWS\System32\OLEAUT32.dll
0x00007ffa96f40000 - 0x00007ffa96f7c000 	C:\WINDOWS\SYSTEM32\dbgcore.DLL
0x00007ffaba730000 - 0x00007ffaba7d5000 	C:\WINDOWS\System32\bcryptPrimitives.dll
0x00007ffa76cd0000 - 0x00007ffa76cde000 	C:\Program Files\Android\Android Studio\jbr\bin\instrument.dll
0x00007ffaa8180000 - 0x00007ffaa81a0000 	C:\Program Files\Android\Android Studio\jbr\bin\java.dll
0x00007ffa88c80000 - 0x00007ffa88c98000 	C:\Program Files\Android\Android Studio\jbr\bin\zip.dll
0x00007ffabc1d0000 - 0x00007ffabc923000 	C:\WINDOWS\System32\SHELL32.dll
0x00007ffab9b90000 - 0x00007ffab9cfa000 	C:\WINDOWS\System32\wintypes.dll
0x00007ffab7750000 - 0x00007ffab7fae000 	C:\WINDOWS\SYSTEM32\windows.storage.dll
0x00007ffabb8e0000 - 0x00007ffabb9d5000 	C:\WINDOWS\System32\SHCORE.dll
0x00007ffabb050000 - 0x00007ffabb0b6000 	C:\WINDOWS\System32\shlwapi.dll
0x00007ffab9ab0000 - 0x00007ffab9ad9000 	C:\WINDOWS\SYSTEM32\profapi.dll
0x00007ffaa9a50000 - 0x00007ffaa9a60000 	C:\Program Files\Android\Android Studio\jbr\bin\net.dll
0x00007ffab3300000 - 0x00007ffab3428000 	C:\WINDOWS\SYSTEM32\WINHTTP.dll
0x00007ffab8e60000 - 0x00007ffab8ecb000 	C:\WINDOWS\system32\mswsock.dll
0x00007ffa88c00000 - 0x00007ffa88c16000 	C:\Program Files\Android\Android Studio\jbr\bin\nio.dll
0x00007ffaa8550000 - 0x00007ffaa8560000 	C:\Program Files\Android\Android Studio\jbr\bin\verify.dll
0x00007ffa1f430000 - 0x00007ffa1f457000 	C:\Users\Lenovo\.gradle\native\1def1411415f61bf3af743bc5b6707747c0891f09f0c88961ee8f79bc544acac\windows-amd64\native-platform.dll
0x00007ffa803b0000 - 0x00007ffa80428000 	C:\Users\Lenovo\.gradle\native\0.2.7\x86_64-windows-gnu\gradle-fileevents.dll
0x00007ffa82c20000 - 0x00007ffa82c29000 	C:\Program Files\Android\Android Studio\jbr\bin\management.dll
0x00007ffa80830000 - 0x00007ffa8083b000 	C:\Program Files\Android\Android Studio\jbr\bin\management_ext.dll
0x00007ffabb400000 - 0x00007ffabb408000 	C:\WINDOWS\System32\PSAPI.DLL
0x00007ffab83a0000 - 0x00007ffab83d4000 	C:\WINDOWS\SYSTEM32\IPHLPAPI.DLL
0x00007ffabb8d0000 - 0x00007ffabb8da000 	C:\WINDOWS\System32\NSI.dll
0x00007ffa845f0000 - 0x00007ffa845f9000 	C:\Program Files\Android\Android Studio\jbr\bin\extnet.dll
0x00007ffab9150000 - 0x00007ffab916b000 	C:\WINDOWS\SYSTEM32\CRYPTSP.dll
0x00007ffab8870000 - 0x00007ffab88aa000 	C:\WINDOWS\system32\rsaenh.dll
0x00007ffab8f10000 - 0x00007ffab8f3b000 	C:\WINDOWS\SYSTEM32\USERENV.dll
0x00007ffab9a80000 - 0x00007ffab9aaa000 	C:\WINDOWS\SYSTEM32\bcrypt.dll
0x00007ffab9170000 - 0x00007ffab917c000 	C:\WINDOWS\SYSTEM32\CRYPTBASE.dll
0x00007ffa7a0f0000 - 0x00007ffa7a0f8000 	C:\WINDOWS\system32\wshunix.dll

JVMTI agents:
C:\Users\Lenovo\.gradle\wrapper\dists\gradle-8.13-bin\5xuhj0ry160q40clulazy9h7d\gradle-8.13\lib\agents\gradle-instrumentation-agent-8.13.jar path:C:\Program Files\Android\Android Studio\jbr\bin\instrument.dll, loaded, initialized, instrumentlib options:none

dbghelp: loaded successfully - version: 4.0.5 - missing functions: none
symbol engine: initialized successfully - sym options: 0x614 - pdb path: .;C:\Program Files\Android\Android Studio\jbr\bin;C:\WINDOWS\SYSTEM32;C:\WINDOWS\WinSxS\amd64_microsoft.windows.common-controls_6595b64144ccf1df_6.0.26100.7309_none_3e05feeae336a044;C:\Program Files\Android\Android Studio\jbr\bin\server;C:\Users\Lenovo\.gradle\native\1def1411415f61bf3af743bc5b6707747c0891f09f0c88961ee8f79bc544acac\windows-amd64;C:\Users\Lenovo\.gradle\native\0.2.7\x86_64-windows-gnu

VM Arguments:
jvm_args: --add-opens=java.base/java.lang=ALL-UNNAMED --add-opens=java.base/java.lang.invoke=ALL-UNNAMED --add-opens=java.base/java.util=ALL-UNNAMED --add-opens=java.prefs/java.util.prefs=ALL-UNNAMED --add-exports=jdk.compiler/com.sun.tools.javac.api=ALL-UNNAMED --add-exports=jdk.compiler/com.sun.tools.javac.util=ALL-UNNAMED --add-opens=java.base/java.util=ALL-UNNAMED --add-opens=java.prefs/java.util.prefs=ALL-UNNAMED --add-opens=java.base/java.nio.charset=ALL-UNNAMED --add-opens=java.base/java.net=ALL-UNNAMED --add-opens=java.base/java.util.concurrent.atomic=ALL-UNNAMED --add-opens=java.xml/javax.xml.namespace=ALL-UNNAMED -XX:MaxMetaspaceSize=512m -XX:+HeapDumpOnOutOfMemoryError -Xmx4096m -Dfile.encoding=UTF-8 -Duser.country=US -Duser.language=en -Duser.variant -javaagent:C:\Users\Lenovo\.gradle\wrapper\dists\gradle-8.13-bin\5xuhj0ry160q40clulazy9h7d\gradle-8.13\lib\agents\gradle-instrumentation-agent-8.13.jar 
java_command: org.gradle.launcher.daemon.bootstrap.GradleDaemon 8.13
java_class_path (initial): C:\Users\Lenovo\.gradle\wrapper\dists\gradle-8.13-bin\5xuhj0ry160q40clulazy9h7d\gradle-8.13\lib\gradle-daemon-main-8.13.jar
Launcher Type: SUN_STANDARD

[Global flags]
     intx CICompilerCount                          = 12                                        {product} {ergonomic}
   size_t CompressedClassSpaceSize                 = 436207616                                 {product} {ergonomic}
     uint ConcGCThreads                            = 3                                         {product} {ergonomic}
     uint G1ConcRefinementThreads                  = 13                                        {product} {ergonomic}
   size_t G1HeapRegionSize                         = 2097152                                   {product} {ergonomic}
    uintx GCDrainStackTargetSize                   = 64                                        {product} {ergonomic}
     bool HeapDumpOnOutOfMemoryError               = true                                   {manageable} {command line}
   size_t InitialHeapSize                          = 264241152                                 {product} {ergonomic}
   size_t MarkStackSize                            = 4194304                                   {product} {ergonomic}
   size_t MaxHeapSize                              = 4294967296                                {product} {command line}
   size_t MaxMetaspaceSize                         = 536870912                                 {product} {command line}
   size_t MaxNewSize                               = 2575302656                                {product} {ergonomic}
   size_t MinHeapDeltaBytes                        = 2097152                                   {product} {ergonomic}
   size_t MinHeapSize                              = 8388608                                   {product} {ergonomic}
    uintx NonNMethodCodeHeapSize                   = 7602480                                {pd product} {ergonomic}
    uintx NonProfiledCodeHeapSize                  = 122027880                              {pd product} {ergonomic}
    uintx ProfiledCodeHeapSize                     = 122027880                              {pd product} {ergonomic}
    uintx ReservedCodeCacheSize                    = 251658240                              {pd product} {ergonomic}
     bool SegmentedCodeCache                       = true                                      {product} {ergonomic}
   size_t SoftMaxHeapSize                          = 4294967296                             {manageable} {ergonomic}
     bool UseCompressedOops                        = true                           {product lp64_product} {ergonomic}
     bool UseG1GC                                  = true                                      {product} {ergonomic}
     bool UseLargePagesIndividualAllocation        = false                                  {pd product} {ergonomic}

Logging:
Log output configuration:
 #0: stdout all=warning uptime,level,tags foldmultilines=false
 #1: stderr all=off uptime,level,tags foldmultilines=false

Environment Variables:
JAVA_HOME=C:\Program Files\Android\Android Studio\jbr
PATH=C:\WINDOWS\system32;C:\WINDOWS;C:\WINDOWS\System32\Wbem;C:\WINDOWS\System32\WindowsPowerShell\v1.0\;C:\WINDOWS\System32\OpenSSH\;C:\Program Files (x86)\Microsoft SQL Server\160\Tools\Binn\;C:\Program Files\Microsoft SQL Server\160\Tools\Binn\;C:\Program Files\Microsoft SQL Server\Client SDK\ODBC\170\Tools\Binn\;C:\Program Files\Microsoft SQL Server\160\DTS\Binn\;C:\Program Files (x86)\Microsoft SQL Server\160\DTS\Binn\;C:\Program Files\Azure Data Studio\bin;C:\Program Files\Microsoft SQL Server\150\Tools\Binn\;C:\Program Files\Git\cmd;C:\Program Files\dotnet\;C:\Program Files (x86)\Windows Kits\10\Windows Performance Toolkit\;C:\Program Files\nodejs\;C:\Program Files\Android\Android Studio\jbr\bin;C:\php;C:\ProgramData\ComposerSetup\bin;C:\Program Files\GitHub CLI\;C:\Program Files\MySQL\MySQL Shell 8.0\bin\;C:\Users\Lenovo\.local\bin;C:\Users\Lenovo\AppData\Local\Programs\Python\Python313\Scripts\;C:\Users\Lenovo\AppData\Local\Programs\Python\Python313\;C:\Users\Lenovo\AppData\Local\Programs\Python\Launcher\;C:\Users\Lenovo\AppData\Local\Microsoft\WindowsApps;C:\Users\Lenovo\AppData\Local\Programs\Microsoft VS Code\bin;C:\Program Files\Azure Data Studio\bin;C:\msys64\ucrt64\bin;C:\Program Files (x86)\Nmap;C:\Users\Lenovo\AppData\Local\Programs\cursor\resources\app\bin;C:\Users\Lenovo\AppData\Local\Programs\Windsurf\bin;C:\Users\Lenovo\.dotnet\tools;C:\Users\Lenovo\AppData\Roaming\npm;C:\Users\Lenovo\AppData\Local\Programs\Antigravity\bin;C:\Users\Lenovo\AppData\Roaming\Composer\vendor\bin
USERNAME=Lenovo
OS=Windows_NT
PROCESSOR_IDENTIFIER=Intel64 Family 6 Model 186 Stepping 2, GenuineIntel
TMP=C:\Users\Lenovo\AppData\Local\Temp
TEMP=C:\Users\Lenovo\AppData\Local\Temp




Periodic native trim disabled

JNI global refs:
JNI global refs: 32, weak refs: 1

JNI global refs memory usage: 835, weak refs: 833

Process memory usage:
Resident Set Size: 216148K (1% of 16494456K total physical memory with 572116K free physical memory)

OOME stack traces (most recent first):
Classloader memory used:
Loader bootstrap                                                                       : 17775K
Loader org.gradle.internal.classloader.VisitableURLClassLoader                         : 17341K
Loader org.gradle.initialization.MixInLegacyTypesClassLoader                           : 2559K
Loader jdk.internal.loader.ClassLoaders$AppClassLoader                                 : 235K
Loader jdk.internal.loader.ClassLoaders$PlatformClassLoader                            : 115K
Loader org.gradle.groovy.scripts.internal.DefaultScriptCompilationHandler$ScriptClassLoader: 6352B

Classes loaded by more than one classloader:
Class org.gradle.internal.classloader.FilteringClassLoader                            : loaded 2 times (x 105B)
Class org.gradle.internal.classloader.ClassLoaderHierarchy                            : loaded 2 times (x 70B)
Class org.gradle.api.internal.classpath.ManifestUtil                                  : loaded 2 times (x 71B)
Class org.gradle.internal.classloader.DefaultClassLoaderFactory                       : loaded 2 times (x 82B)
Class org.gradle.internal.classloader.ClassLoaderVisitor                              : loaded 2 times (x 76B)
Class org.gradle.api.internal.classpath.EffectiveClassPath                            : loaded 2 times (x 90B)
Class org.gradle.api.internal.DefaultClassPathProvider                                : loaded 2 times (x 76B)
Class [Lorg.gradle.api.internal.ClassPathProvider;                                    : loaded 2 times (x 69B)
Class org.gradle.api.internal.ClassPathProvider                                       : loaded 2 times (x 70B)
Class org.gradle.internal.service.UnknownServiceException                             : loaded 2 times (x 83B)
Class org.gradle.internal.classpath.TransformedClassPath                              : loaded 2 times (x 96B)
Class org.gradle.internal.classloader.InstrumentingClassLoader                        : loaded 2 times (x 70B)
Class org.gradle.internal.service.ServiceLocator                                      : loaded 2 times (x 70B)
Class org.gradle.internal.InternalTransformer                                         : loaded 2 times (x 70B)
Class org.gradle.internal.classloader.ClasspathUtil$1                                 : loaded 2 times (x 76B)
Class org.gradle.api.internal.classpath.DefaultModuleRegistry$DefaultModule           : loaded 2 times (x 86B)
Class org.gradle.api.internal.classpath.Module                                        : loaded 2 times (x 70B)
Class org.gradle.api.internal.classpath.UnknownModuleException                        : loaded 2 times (x 82B)
Class org.gradle.api.internal.DefaultClassPathRegistry                                : loaded 2 times (x 76B)
Class org.gradle.api.internal.ClassPathRegistry                                       : loaded 2 times (x 70B)
Class org.gradle.internal.classpath.DefaultClassPath$ImmutableUniqueList              : loaded 2 times (x 199B)
Class org.gradle.internal.classpath.ClassPath                                         : loaded 2 times (x 70B)
Class org.gradle.api.UncheckedIOException                                             : loaded 2 times (x 82B)
Class org.gradle.internal.installation.GradleInstallation$1                           : loaded 2 times (x 75B)
Class org.gradle.api.internal.classpath.ModuleRegistry                                : loaded 2 times (x 70B)
Class org.gradle.api.internal.classpath.DefaultModuleRegistry                         : loaded 2 times (x 86B)
Class org.gradle.internal.service.ServiceLookupException                              : loaded 2 times (x 82B)
Class org.gradle.internal.classloader.ClassLoaderFactory                              : loaded 2 times (x 70B)
Class org.gradle.internal.service.CachingServiceLocator                               : loaded 2 times (x 82B)
Class org.gradle.internal.classloader.ClasspathUtil                                   : loaded 2 times (x 71B)
Class org.gradle.api.specs.Spec                                                       : loaded 2 times (x 70B)
Class org.gradle.internal.classloader.VisitableURLClassLoader$InstrumentingVisitableURLClassLoader: loaded 2 times (x 123B)
Class org.gradle.internal.classloader.VisitableURLClassLoader$Spec                    : loaded 2 times (x 74B)
Class org.gradle.internal.classpath.DefaultClassPath                                  : loaded 2 times (x 90B)
Class org.gradle.internal.classloader.ClassLoaderSpec                                 : loaded 2 times (x 71B)
Class org.gradle.internal.classloader.VisitableURLClassLoader                         : loaded 2 times (x 117B)
Class org.gradle.internal.Cast                                                        : loaded 2 times (x 71B)
Class org.gradle.api.Action                                                           : loaded 2 times (x 70B)
Class org.gradle.internal.classpath.DefaultClassPath$ImmutableUniqueList$Builder      : loaded 2 times (x 75B)
Class org.gradle.api.GradleException                                                  : loaded 2 times (x 82B)
Class org.gradle.internal.IoActions                                                   : loaded 2 times (x 71B)
Class org.gradle.internal.classloader.SystemClassLoaderSpec                           : loaded 2 times (x 71B)
Class org.gradle.api.internal.classpath.GlobalCacheRootsProvider                      : loaded 2 times (x 70B)
Class org.gradle.internal.installation.CurrentGradleInstallationLocator               : loaded 2 times (x 71B)
Class org.gradle.internal.service.DefaultServiceLocator                               : loaded 2 times (x 83B)
Class org.gradle.internal.installation.CurrentGradleInstallation                      : loaded 2 times (x 73B)
Class org.gradle.util.internal.GUtil                                                  : loaded 2 times (x 71B)
Class org.gradle.internal.installation.GradleInstallation                             : loaded 2 times (x 75B)

---------------  S Y S T E M  ---------------

OS:
 Windows 11 , 64 bit Build 26100 (10.0.26100.7623)
OS uptime: 1 days 0:25 hours
Hyper-V role detected

CPU: total 16 (initial active 16) (8 cores per cpu, 2 threads per core) family 6 model 186 stepping 2 microcode 0x4128, cx8, cmov, fxsr, ht, mmx, 3dnowpref, sse, sse2, sse3, ssse3, sse4.1, sse4.2, popcnt, lzcnt, tsc, tscinvbit, avx, avx2, aes, erms, clmul, bmi1, bmi2, adx, sha, fma, vzeroupper, clflush, clflushopt, clwb, hv, serialize, rdtscp, rdpid, fsrm, f16c, cet_ibt, cet_ss
Processor Information for processor 0
  Max Mhz: 2400, Current Mhz: 2400, Mhz Limit: 2400
Processor Information for processor 1
  Max Mhz: 2400, Current Mhz: 2400, Mhz Limit: 2400
Processor Information for processor 2
  Max Mhz: 2400, Current Mhz: 2400, Mhz Limit: 2400
Processor Information for processor 3
  Max Mhz: 2400, Current Mhz: 2400, Mhz Limit: 2400
Processor Information for processor 4
  Max Mhz: 2400, Current Mhz: 2400, Mhz Limit: 2400
Processor Information for processor 5
  Max Mhz: 2400, Current Mhz: 2400, Mhz Limit: 2400
Processor Information for processor 6
  Max Mhz: 2400, Current Mhz: 1040, Mhz Limit: 2400
Processor Information for processor 7
  Max Mhz: 2400, Current Mhz: 1040, Mhz Limit: 2400
Processor Information for processor 8
  Max Mhz: 2400, Current Mhz: 1040, Mhz Limit: 2400
Processor Information for processor 9
  Max Mhz: 2400, Current Mhz: 2400, Mhz Limit: 2400
Processor Information for processor 10
  Max Mhz: 2400, Current Mhz: 2400, Mhz Limit: 2400
Processor Information for processor 11
  Max Mhz: 2400, Current Mhz: 2400, Mhz Limit: 2400
Processor Information for processor 12
  Max Mhz: 2400, Current Mhz: 1800, Mhz Limit: 1800
Processor Information for processor 13
  Max Mhz: 2400, Current Mhz: 1200, Mhz Limit: 1800
Processor Information for processor 14
  Max Mhz: 2400, Current Mhz: 1200, Mhz Limit: 1800
Processor Information for processor 15
  Max Mhz: 2400, Current Mhz: 1200, Mhz Limit: 1800

Memory: 4k page, system-wide physical 16107M (564M free)
TotalPageFile size 35697M (AvailPageFile size 0M)
current process WorkingSet (physical memory assigned to process): 211M, peak: 240M
current process commit charge ("private bytes"): 259M, peak: 391M

vm_info: OpenJDK 64-Bit Server VM (21.0.8+-14196175-b1038.72) for windows-amd64 JRE (21.0.8+-14196175-b1038.72), built on 2025-10-01T10:24:33Z by "builder" with MS VC++ 16.10 / 16.11 (VS2019)

END.
